<?xml version="1.0" encoding="UTF-8"?>
<testng-results ignored="0" total="1" passed="1" failed="0" skipped="0">
  <reporter-output>
  </reporter-output>
  <suite started-at="2023-07-19T10:16:12 IST" name="Default suite" finished-at="2023-07-19T10:16:30 IST" duration-ms="17169">
    <groups>
    </groups>
    <test started-at="2023-07-19T10:16:12 IST" name="Default test" finished-at="2023-07-19T10:16:30 IST" duration-ms="17169">
      <class name="Jenkins.JenkinsDemo.VerifyTitle">
        <test-method is-config="true" signature="launchApplication()[pri:0, instance:Jenkins.JenkinsDemo.VerifyTitle@6d4d66d2]" started-at="2023-07-19T10:16:12 IST" name="launchApplication" finished-at="2023-07-19T10:16:29 IST" duration-ms="16782" status="PASS">
          <reporter-output>
          </reporter-output>
        </test-method> <!-- launchApplication -->
        <test-method signature="titleVerification()[pri:0, instance:Jenkins.JenkinsDemo.VerifyTitle@6d4d66d2]" started-at="2023-07-19T10:16:29 IST" name="titleVerification" finished-at="2023-07-19T10:16:29 IST" duration-ms="17" status="PASS">
          <reporter-output>
          </reporter-output>
        </test-method> <!-- titleVerification -->
        <test-method is-config="true" signature="closeBrowser()[pri:0, instance:Jenkins.JenkinsDemo.VerifyTitle@6d4d66d2]" started-at="2023-07-19T10:16:29 IST" name="closeBrowser" finished-at="2023-07-19T10:16:30 IST" duration-ms="286" status="PASS">
          <reporter-output>
          </reporter-output>
        </test-method> <!-- closeBrowser -->
      </class> <!-- Jenkins.JenkinsDemo.VerifyTitle -->
    </test> <!-- Default test -->
  </suite> <!-- Default suite -->
</testng-results>
